<?xml version="1.0" encoding="UTF-8"?>
<testsuite name="com.bl.userRegistration.ValidateUserTest" tests="1" skipped="0" failures="0" errors="0" timestamp="2022-08-21T11:40:09" hostname="LAPTOP-PG23OKAD" time="0.02">
  <properties/>
  <testcase name="firstNameSad()" classname="com.bl.userRegistration.ValidateUserTest" time="0.02"/>
  <system-out><![CDATA[false
]]></system-out>
  <system-err><![CDATA[]]></system-err>
</testsuite>
