<?xml version="1.0" encoding="UTF-8"?>
<testsuite name="com.bl.userRegistration.UserRegistrationTest" tests="2" skipped="0" failures="0" errors="0" timestamp="2022-08-19T06:19:23" hostname="LAPTOP-PG23OKAD" time="0.022">
  <properties/>
  <testcase name="validFirstName()" classname="com.bl.userRegistration.UserRegistrationTest" time="0.02"/>
  <testcase name="validLastName()" classname="com.bl.userRegistration.UserRegistrationTest" time="0.001"/>
  <system-out><![CDATA[]]></system-out>
  <system-err><![CDATA[]]></system-err>
</testsuite>
